[ 2018-07-12T23:52:17+08:00 ] 127.0.0.1 /project/shop/service/api.php?m=Api&c=Index&a=Index&application_client=default&&application=app&application_client_type=alipay&application_user_id=&user_id=0&nickname=&ajax=ajax
INFO: [ app_init ] --START--
INFO: Run Behavior\BuildLiteBehavior [ RunTime:0.000011s ]
INFO: [ app_init ] --END-- [ RunTime:0.000511s ]
INFO: [ app_begin ] --START--
INFO: Run Behavior\ReadHtmlCacheBehavior [ RunTime:0.000943s ]
INFO: Run Behavior\CheckLangBehavior [ RunTime:0.004148s ]
INFO: [ app_begin ] --END-- [ RunTime:0.005241s ]

[ 2018-07-12T23:52:22+08:00 ] 127.0.0.1 /project/shop/service/api.php?m=Api&c=GoodsSearch&a=Index&application_client=default&&application=app&application_client_type=alipay&application_user_id=&user_id=0&nickname=&ajax=ajax
INFO: [ app_init ] --START--
INFO: Run Behavior\BuildLiteBehavior [ RunTime:0.000012s ]
INFO: [ app_init ] --END-- [ RunTime:0.000278s ]
INFO: [ app_begin ] --START--
INFO: Run Behavior\ReadHtmlCacheBehavior [ RunTime:0.000271s ]
INFO: Run Behavior\CheckLangBehavior [ RunTime:0.000896s ]
INFO: [ app_begin ] --END-- [ RunTime:0.001225s ]
ERR: Think\Model:alils方法不存在！

[ 2018-07-12T23:54:31+08:00 ] 127.0.0.1 /project/shop/service/api.php?m=Api&c=Index&a=Index&application_client=default&&application=app&application_client_type=alipay&application_user_id=&user_id=0&nickname=&ajax=ajax
INFO: [ app_init ] --START--
INFO: Run Behavior\BuildLiteBehavior [ RunTime:0.000018s ]
INFO: [ app_init ] --END-- [ RunTime:0.001909s ]
INFO: [ app_begin ] --START--
INFO: Run Behavior\ReadHtmlCacheBehavior [ RunTime:0.000653s ]
INFO: Run Behavior\CheckLangBehavior [ RunTime:0.002148s ]
INFO: [ app_begin ] --END-- [ RunTime:0.002893s ]

[ 2018-07-12T23:57:05+08:00 ] 127.0.0.1 /project/shop/service/api.php?m=Api&c=Index&a=Index&application_client=default&&application=app&application_client_type=alipay&application_user_id=&user_id=0&nickname=&ajax=ajax
INFO: [ app_init ] --START--
INFO: Run Behavior\BuildLiteBehavior [ RunTime:0.000016s ]
INFO: [ app_init ] --END-- [ RunTime:0.000328s ]
INFO: [ app_begin ] --START--
INFO: Run Behavior\ReadHtmlCacheBehavior [ RunTime:0.000452s ]
INFO: Run Behavior\CheckLangBehavior [ RunTime:0.001582s ]
INFO: [ app_begin ] --END-- [ RunTime:0.002128s ]

[ 2018-07-12T23:57:19+08:00 ] 127.0.0.1 /project/shop/service/api.php?m=Api&c=Index&a=Index&application_client=default&&application=app&application_client_type=alipay&application_user_id=&user_id=0&nickname=&ajax=ajax
INFO: [ app_init ] --START--
INFO: Run Behavior\BuildLiteBehavior [ RunTime:0.000012s ]
INFO: [ app_init ] --END-- [ RunTime:0.000200s ]
INFO: [ app_begin ] --START--
INFO: Run Behavior\ReadHtmlCacheBehavior [ RunTime:0.000292s ]
INFO: Run Behavior\CheckLangBehavior [ RunTime:0.000823s ]
INFO: [ app_begin ] --END-- [ RunTime:0.001192s ]

[ 2018-07-12T23:57:53+08:00 ] 127.0.0.1 /project/shop/service/api.php?m=Api&c=Index&a=Index&application_client=default&&application=app&application_client_type=alipay&application_user_id=&user_id=0&nickname=&ajax=ajax
INFO: [ app_init ] --START--
INFO: Run Behavior\BuildLiteBehavior [ RunTime:0.000008s ]
INFO: [ app_init ] --END-- [ RunTime:0.000174s ]
INFO: [ app_begin ] --START--
INFO: Run Behavior\ReadHtmlCacheBehavior [ RunTime:0.000256s ]
INFO: Run Behavior\CheckLangBehavior [ RunTime:0.001068s ]
INFO: [ app_begin ] --END-- [ RunTime:0.001388s ]

[ 2018-07-12T23:58:28+08:00 ] 127.0.0.1 /project/shop/service/api.php?m=Api&c=Index&a=Index&application_client=default&&application=app&application_client_type=alipay&application_user_id=&user_id=0&nickname=&ajax=ajax
INFO: [ app_init ] --START--
INFO: Run Behavior\BuildLiteBehavior [ RunTime:0.000014s ]
INFO: [ app_init ] --END-- [ RunTime:0.000405s ]
INFO: [ app_begin ] --START--
INFO: Run Behavior\ReadHtmlCacheBehavior [ RunTime:0.000693s ]
INFO: Run Behavior\CheckLangBehavior [ RunTime:0.002737s ]
INFO: [ app_begin ] --END-- [ RunTime:0.003557s ]

[ 2018-07-12T23:58:36+08:00 ] 127.0.0.1 /project/shop/service/api.php?m=Api&c=GoodsSearch&a=Index&application_client=default&&application=app&application_client_type=alipay&application_user_id=&user_id=0&nickname=&ajax=ajax
INFO: [ app_init ] --START--
INFO: Run Behavior\BuildLiteBehavior [ RunTime:0.000012s ]
INFO: [ app_init ] --END-- [ RunTime:0.000386s ]
INFO: [ app_begin ] --START--
INFO: Run Behavior\ReadHtmlCacheBehavior [ RunTime:0.000261s ]
INFO: Run Behavior\CheckLangBehavior [ RunTime:0.001792s ]
INFO: [ app_begin ] --END-- [ RunTime:0.002165s ]
ERR: 1064:You have an error in your SQL syntax; check the manual that corresponds to your MySQL server version for the right syntax to use near 's_goods_category_join AS gcj ON g.id=gcj=goods_id INNER JOIN s_goods_category AS' at line 1
 [ SQL语句 ] : SELECT COUNT(*) AS tp_count FROM s_goods g s_goods_category_join AS gcj ON g.id=gcj=goods_id INNER JOIN s_goods_category AS gc ON gcj.category_id=gc=id  WHERE g.is_delete_time = 0 AND g.is_shelves = 1 LIMIT 1  
ERR: 1064:You have an error in your SQL syntax; check the manual that corresponds to your MySQL server version for the right syntax to use near 's_goods_category_join AS gcj ON g.id=gcj=goods_id INNER JOIN s_goods_category AS' at line 1
 [ SQL语句 ] : SELECT g.id,g.title,g.title_color,g.original_price,g.price,g.images,g.buy_min_number,g.buy_max_number,g.inventory,g.access_count,g.give_integral,gc.name AS category_name FROM s_goods g s_goods_category_join AS gcj ON g.id=gcj=goods_id INNER JOIN s_goods_category AS gc ON gcj.category_id=gc=id  WHERE g.is_delete_time = 0 AND g.is_shelves = 1 ORDER BY id desc LIMIT 0,10  

