[ 2018-07-22T04:03:25+08:00 ] 127.0.0.1 /project/shop/service/api.php?m=Api&c=Goods&a=Detail&application_client=default&&application=app&application_client_type=alipay&application_user_id=2088502175420842&user_id=76&nickname=魔鬼&ajax=ajax
INFO: [ app_init ] --START--
INFO: Run Behavior\BuildLiteBehavior [ RunTime:0.000010s ]
INFO: [ app_init ] --END-- [ RunTime:0.001464s ]
INFO: [ app_begin ] --START--
INFO: Run Behavior\ReadHtmlCacheBehavior [ RunTime:0.000517s ]
INFO: Run Behavior\CheckLangBehavior [ RunTime:0.002267s ]
INFO: [ app_begin ] --END-- [ RunTime:0.002860s ]

[ 2018-07-22T20:38:18+08:00 ] 127.0.0.1 /project/shop/service/api.php?m=Api&c=Buy&a=Index&application_client=default&&application=app&application_client_type=alipay&application_user_id=2088502175420842&user_id=76&nickname=魔鬼&ajax=ajax
INFO: [ app_init ] --START--
INFO: Run Behavior\BuildLiteBehavior [ RunTime:0.000013s ]
INFO: [ app_init ] --END-- [ RunTime:0.001904s ]
INFO: [ app_begin ] --START--
INFO: Run Behavior\ReadHtmlCacheBehavior [ RunTime:0.000545s ]
INFO: Run Behavior\CheckLangBehavior [ RunTime:0.002003s ]
INFO: [ app_begin ] --END-- [ RunTime:0.002624s ]

[ 2018-07-22T20:38:24+08:00 ] 127.0.0.1 /project/shop/service/api.php?m=Api&c=UserAddress&a=GetList&application_client=default&&application=app&application_client_type=alipay&application_user_id=2088502175420842&user_id=76&nickname=T<&ajax=ajax
INFO: [ app_init ] --START--
INFO: Run Behavior\BuildLiteBehavior [ RunTime:0.000014s ]
INFO: [ app_init ] --END-- [ RunTime:0.000297s ]
INFO: [ app_begin ] --START--
INFO: Run Behavior\ReadHtmlCacheBehavior [ RunTime:0.000245s ]
INFO: Run Behavior\CheckLangBehavior [ RunTime:0.001833s ]
INFO: [ app_begin ] --END-- [ RunTime:0.002145s ]

[ 2018-07-22T20:38:37+08:00 ] 127.0.0.1 /project/shop/service/api.php?m=Api&c=Buy&a=Index&application_client=default&&application=app&application_client_type=alipay&application_user_id=2088502175420842&user_id=76&nickname=魔鬼&ajax=ajax
INFO: [ app_init ] --START--
INFO: Run Behavior\BuildLiteBehavior [ RunTime:0.000007s ]
INFO: [ app_init ] --END-- [ RunTime:0.000256s ]
INFO: [ app_begin ] --START--
INFO: Run Behavior\ReadHtmlCacheBehavior [ RunTime:0.001244s ]
INFO: Run Behavior\CheckLangBehavior [ RunTime:0.002289s ]
INFO: [ app_begin ] --END-- [ RunTime:0.003633s ]

[ 2018-07-22T20:39:08+08:00 ] 127.0.0.1 /project/shop/service/api.php?m=Api&c=Goods&a=Detail&application_client=default&&application=app&application_client_type=alipay&application_user_id=2088502175420842&user_id=76&nickname=魔鬼&ajax=ajax
INFO: [ app_init ] --START--
INFO: Run Behavior\BuildLiteBehavior [ RunTime:0.000015s ]
INFO: [ app_init ] --END-- [ RunTime:0.000423s ]
INFO: [ app_begin ] --START--
INFO: Run Behavior\ReadHtmlCacheBehavior [ RunTime:0.000419s ]
INFO: Run Behavior\CheckLangBehavior [ RunTime:0.002304s ]
INFO: [ app_begin ] --END-- [ RunTime:0.002843s ]

[ 2018-07-22T20:39:23+08:00 ] 127.0.0.1 /project/shop/service/api.php?m=Api&c=Buy&a=Index&application_client=default&&application=app&application_client_type=alipay&application_user_id=2088502175420842&user_id=76&nickname=魔鬼&ajax=ajax
INFO: [ app_init ] --START--
INFO: Run Behavior\BuildLiteBehavior [ RunTime:0.000034s ]
INFO: [ app_init ] --END-- [ RunTime:0.001653s ]
INFO: [ app_begin ] --START--
INFO: Run Behavior\ReadHtmlCacheBehavior [ RunTime:0.000456s ]
INFO: Run Behavior\CheckLangBehavior [ RunTime:0.002005s ]
INFO: [ app_begin ] --END-- [ RunTime:0.002593s ]

[ 2018-07-22T20:41:12+08:00 ] 127.0.0.1 /project/shop/service/api.php?m=Api&c=Buy&a=Submit&application_client=default&&application=app&application_client_type=alipay&application_user_id=2088502175420842&user_id=76&nickname=魔鬼&ajax=ajax
INFO: [ app_init ] --START--
INFO: Run Behavior\BuildLiteBehavior [ RunTime:0.000010s ]
INFO: [ app_init ] --END-- [ RunTime:0.000286s ]
INFO: [ app_begin ] --START--
INFO: Run Behavior\ReadHtmlCacheBehavior [ RunTime:0.000484s ]
INFO: Run Behavior\CheckLangBehavior [ RunTime:0.001442s ]
INFO: [ app_begin ] --END-- [ RunTime:0.002038s ]

[ 2018-07-22T20:42:14+08:00 ] 127.0.0.1 /project/shop/service/api.php?m=Api&c=Goods&a=Detail&application_client=default&&application=app&application_client_type=alipay&application_user_id=&user_id=0&nickname=&ajax=ajax
INFO: [ app_init ] --START--
INFO: Run Behavior\BuildLiteBehavior [ RunTime:0.000017s ]
INFO: [ app_init ] --END-- [ RunTime:0.002206s ]
INFO: [ app_begin ] --START--
INFO: Run Behavior\ReadHtmlCacheBehavior [ RunTime:0.000274s ]
INFO: Run Behavior\CheckLangBehavior [ RunTime:0.001344s ]
INFO: [ app_begin ] --END-- [ RunTime:0.001689s ]

[ 2018-07-22T20:44:00+08:00 ] 127.0.0.1 /project/shop/service/api.php?m=Api&c=User&a=GetAlipayUserInfo&application_client=default&&application=app&application_client_type=alipay&application_user_id=&user_id=0&nickname=&ajax=ajax
INFO: [ app_init ] --START--
INFO: Run Behavior\BuildLiteBehavior [ RunTime:0.000009s ]
INFO: [ app_init ] --END-- [ RunTime:0.000273s ]
INFO: [ app_begin ] --START--
INFO: Run Behavior\ReadHtmlCacheBehavior [ RunTime:0.000229s ]
INFO: Run Behavior\CheckLangBehavior [ RunTime:0.001083s ]
INFO: [ app_begin ] --END-- [ RunTime:0.001358s ]

[ 2018-07-22T20:44:02+08:00 ] 127.0.0.1 /project/shop/service/api.php?m=Api&c=Buy&a=Index&application_client=default&&application=app&application_client_type=alipay&application_user_id=2088502175420842&user_id=77&nickname=魔鬼&ajax=ajax
INFO: [ app_init ] --START--
INFO: Run Behavior\BuildLiteBehavior [ RunTime:0.000009s ]
INFO: [ app_init ] --END-- [ RunTime:0.000262s ]
INFO: [ app_begin ] --START--
INFO: Run Behavior\ReadHtmlCacheBehavior [ RunTime:0.000227s ]
INFO: Run Behavior\CheckLangBehavior [ RunTime:0.001095s ]
INFO: [ app_begin ] --END-- [ RunTime:0.001372s ]

[ 2018-07-22T20:44:25+08:00 ] 127.0.0.1 /project/shop/service/api.php?m=Api&c=Buy&a=Index&application_client=default&&application=app&application_client_type=alipay&application_user_id=2088502175420842&user_id=77&nickname=魔鬼&ajax=ajax
INFO: [ app_init ] --START--
INFO: Run Behavior\BuildLiteBehavior [ RunTime:0.000008s ]
INFO: [ app_init ] --END-- [ RunTime:0.000255s ]
INFO: [ app_begin ] --START--
INFO: Run Behavior\ReadHtmlCacheBehavior [ RunTime:0.000297s ]
INFO: Run Behavior\CheckLangBehavior [ RunTime:0.006209s ]
INFO: [ app_begin ] --END-- [ RunTime:0.006601s ]

[ 2018-07-22T20:47:03+08:00 ] 127.0.0.1 /project/shop/service/api.php?m=Api&c=Buy&a=Submit&application_client=default&&application=app&application_client_type=alipay&application_user_id=2088502175420842&user_id=77&nickname=魔鬼&ajax=ajax
INFO: [ app_init ] --START--
INFO: Run Behavior\BuildLiteBehavior [ RunTime:0.000008s ]
INFO: [ app_init ] --END-- [ RunTime:0.000186s ]
INFO: [ app_begin ] --START--
INFO: Run Behavior\ReadHtmlCacheBehavior [ RunTime:0.000220s ]
INFO: Run Behavior\CheckLangBehavior [ RunTime:0.000746s ]
INFO: [ app_begin ] --END-- [ RunTime:0.001005s ]
INFO: [ app_end ] --START--
INFO: Run Behavior\ShowPageTraceBehavior [ RunTime:0.001085s ]
INFO: [ app_end ] --END-- [ RunTime:0.001191s ]

[ 2018-07-22T22:00:42+08:00 ] 127.0.0.1 /project/shop/service/api.php?m=Api&c=Goods&a=Favor&application_client=default&&application=app&application_client_type=alipay&application_user_id=2088502175420842&user_id=77&nickname=魔鬼&ajax=ajax
INFO: [ app_init ] --START--
INFO: Run Behavior\BuildLiteBehavior [ RunTime:0.000007s ]
INFO: [ app_init ] --END-- [ RunTime:0.000160s ]
INFO: [ app_begin ] --START--
INFO: Run Behavior\ReadHtmlCacheBehavior [ RunTime:0.000201s ]
INFO: Run Behavior\CheckLangBehavior [ RunTime:0.000765s ]
INFO: [ app_begin ] --END-- [ RunTime:0.001011s ]

[ 2018-07-22T22:01:03+08:00 ] 127.0.0.1 /project/shop/service/api.php?m=Api&c=Buy&a=Index&application_client=default&&application=app&application_client_type=alipay&application_user_id=2088502175420842&user_id=77&nickname=魔鬼&ajax=ajax
INFO: [ app_init ] --START--
INFO: Run Behavior\BuildLiteBehavior [ RunTime:0.000012s ]
INFO: [ app_init ] --END-- [ RunTime:0.000272s ]
INFO: [ app_begin ] --START--
INFO: Run Behavior\ReadHtmlCacheBehavior [ RunTime:0.000264s ]
INFO: Run Behavior\CheckLangBehavior [ RunTime:0.000865s ]
INFO: [ app_begin ] --END-- [ RunTime:0.001191s ]

[ 2018-07-22T22:04:33+08:00 ] 127.0.0.1 /project/shop/service/api.php?m=Api&c=Buy&a=Submit&application_client=default&&application=app&application_client_type=alipay&application_user_id=2088502175420842&user_id=77&nickname=魔鬼&ajax=ajax
INFO: [ app_init ] --START--
INFO: Run Behavior\BuildLiteBehavior [ RunTime:0.000014s ]
INFO: [ app_init ] --END-- [ RunTime:0.000413s ]
INFO: [ app_begin ] --START--
INFO: Run Behavior\ReadHtmlCacheBehavior [ RunTime:0.000231s ]
INFO: Run Behavior\CheckLangBehavior [ RunTime:0.000764s ]
INFO: [ app_begin ] --END-- [ RunTime:0.001042s ]
NOTIC: [8] Undefined index: attrinute /data/www/project/shop/service/Application/Api/Controller/BuyController.class.php 第 264 行.
ERR: 1048:Column 'attrinute' cannot be null
 [ SQL语句 ] : INSERT INTO `s_order_detail` (`order_id`,`user_id`,`shop_id`,`goods_id`,`title`,`images`,`original_price`,`price`,`attrinute`,`buy_number`,`add_time`) VALUES ('1','77','0','1','标题测试大概冬瓜豆腐就发个电视广播隧道股份几十块热炕头今天感觉先发给你吧','http://default.com/project/shop/service/Public/Upload/goods_photo/compr/2018/07/10/201807101610017219823476.jpg','896.00','168.89',NULL,'3','1532268273')

[ 2018-07-22T22:05:12+08:00 ] 127.0.0.1 /project/shop/service/api.php?m=Api&c=Buy&a=Submit&application_client=default&&application=app&application_client_type=alipay&application_user_id=2088502175420842&user_id=77&nickname=魔鬼&ajax=ajax
INFO: [ app_init ] --START--
INFO: Run Behavior\BuildLiteBehavior [ RunTime:0.000008s ]
INFO: [ app_init ] --END-- [ RunTime:0.000186s ]
INFO: [ app_begin ] --START--
INFO: Run Behavior\ReadHtmlCacheBehavior [ RunTime:0.000294s ]
INFO: Run Behavior\CheckLangBehavior [ RunTime:0.001570s ]
INFO: [ app_begin ] --END-- [ RunTime:0.001936s ]
NOTIC: [8] Undefined index: attrinute /data/www/project/shop/service/Application/Api/Controller/BuyController.class.php 第 264 行.

[ 2018-07-22T22:06:07+08:00 ] 127.0.0.1 /project/shop/service/api.php?m=Api&c=Buy&a=Submit&application_client=default&&application=app&application_client_type=alipay&application_user_id=2088502175420842&user_id=77&nickname=魔鬼&ajax=ajax
INFO: [ app_init ] --START--
INFO: Run Behavior\BuildLiteBehavior [ RunTime:0.000007s ]
INFO: [ app_init ] --END-- [ RunTime:0.000169s ]
INFO: [ app_begin ] --START--
INFO: Run Behavior\ReadHtmlCacheBehavior [ RunTime:0.000214s ]
INFO: Run Behavior\CheckLangBehavior [ RunTime:0.001172s ]
INFO: [ app_begin ] --END-- [ RunTime:0.001442s ]

[ 2018-07-22T22:08:50+08:00 ] 127.0.0.1 /project/shop/service/api.php?m=Api&c=Buy&a=Submit&application_client=default&&application=app&application_client_type=alipay&application_user_id=2088502175420842&user_id=77&nickname=魔鬼&ajax=ajax
INFO: [ app_init ] --START--
INFO: Run Behavior\BuildLiteBehavior [ RunTime:0.000006s ]
INFO: [ app_init ] --END-- [ RunTime:0.000165s ]
INFO: [ app_begin ] --START--
INFO: Run Behavior\ReadHtmlCacheBehavior [ RunTime:0.000325s ]
INFO: Run Behavior\CheckLangBehavior [ RunTime:0.000777s ]
INFO: [ app_begin ] --END-- [ RunTime:0.001161s ]

[ 2018-07-22T22:22:57+08:00 ] 127.0.0.1 /project/shop/service/api.php?m=Api&c=Goods&a=Detail&application_client=default&&application=app&application_client_type=alipay&application_user_id=2088502175420842&user_id=77&nickname=魔鬼&ajax=ajax
INFO: [ app_init ] --START--
INFO: Run Behavior\BuildLiteBehavior [ RunTime:0.000016s ]
INFO: [ app_init ] --END-- [ RunTime:0.004781s ]
INFO: [ app_begin ] --START--
INFO: Run Behavior\ReadHtmlCacheBehavior [ RunTime:0.000274s ]
INFO: Run Behavior\CheckLangBehavior [ RunTime:0.001414s ]
INFO: [ app_begin ] --END-- [ RunTime:0.001771s ]

[ 2018-07-22T22:25:06+08:00 ] 127.0.0.1 /project/shop/service/api.php?m=Api&c=Goods&a=Detail&application_client=default&&application=app&application_client_type=alipay&application_user_id=2088502175420842&user_id=77&nickname=魔鬼&ajax=ajax
INFO: [ app_init ] --START--
INFO: Run Behavior\BuildLiteBehavior [ RunTime:0.000008s ]
INFO: [ app_init ] --END-- [ RunTime:0.000199s ]
INFO: [ app_begin ] --START--
INFO: Run Behavior\ReadHtmlCacheBehavior [ RunTime:0.000233s ]
INFO: Run Behavior\CheckLangBehavior [ RunTime:0.000809s ]
INFO: [ app_begin ] --END-- [ RunTime:0.001103s ]

[ 2018-07-22T22:25:16+08:00 ] 127.0.0.1 /project/shop/service/api.php?m=Api&c=Buy&a=Index&application_client=default&&application=app&application_client_type=alipay&application_user_id=2088502175420842&user_id=77&nickname=魔鬼&ajax=ajax
INFO: [ app_init ] --START--
INFO: Run Behavior\BuildLiteBehavior [ RunTime:0.000012s ]
INFO: [ app_init ] --END-- [ RunTime:0.000293s ]
INFO: [ app_begin ] --START--
INFO: Run Behavior\ReadHtmlCacheBehavior [ RunTime:0.000439s ]
INFO: Run Behavior\CheckLangBehavior [ RunTime:0.001237s ]
INFO: [ app_begin ] --END-- [ RunTime:0.001759s ]

[ 2018-07-22T22:25:19+08:00 ] 127.0.0.1 /project/shop/service/api.php?m=Api&c=Buy&a=Submit&application_client=default&&application=app&application_client_type=alipay&application_user_id=2088502175420842&user_id=77&nickname=魔鬼&ajax=ajax
INFO: [ app_init ] --START--
INFO: Run Behavior\BuildLiteBehavior [ RunTime:0.000009s ]
INFO: [ app_init ] --END-- [ RunTime:0.000195s ]
INFO: [ app_begin ] --START--
INFO: Run Behavior\ReadHtmlCacheBehavior [ RunTime:0.000256s ]
INFO: Run Behavior\CheckLangBehavior [ RunTime:0.025594s ]
INFO: [ app_begin ] --END-- [ RunTime:0.025932s ]

[ 2018-07-22T22:25:30+08:00 ] 127.0.0.1 /project/shop/service/api.php?m=Api&c=SendOrder&a=Index&application_client=default&&application=app&application_client_type=alipay&application_user_id=2088502175420842&user_id=77&nickname=魔鬼&ajax=ajax
INFO: [ app_init ] --START--
INFO: Run Behavior\BuildLiteBehavior [ RunTime:0.000007s ]
INFO: [ app_init ] --END-- [ RunTime:0.000159s ]
INFO: [ app_begin ] --START--
INFO: Run Behavior\ReadHtmlCacheBehavior [ RunTime:0.000199s ]
INFO: Run Behavior\CheckLangBehavior [ RunTime:0.000706s ]
INFO: [ app_begin ] --END-- [ RunTime:0.000942s ]
ERR: 无法加载控制器:SendOrder

[ 2018-07-22T22:26:22+08:00 ] 127.0.0.1 /project/shop/service/api.php?m=Api&c=Goods&a=Detail&application_client=default&&application=app&application_client_type=alipay&application_user_id=2088502175420842&user_id=77&nickname=魔鬼&ajax=ajax
INFO: [ app_init ] --START--
INFO: Run Behavior\BuildLiteBehavior [ RunTime:0.000014s ]
INFO: [ app_init ] --END-- [ RunTime:0.001221s ]
INFO: [ app_begin ] --START--
INFO: Run Behavior\ReadHtmlCacheBehavior [ RunTime:0.000239s ]
INFO: Run Behavior\CheckLangBehavior [ RunTime:0.000844s ]
INFO: [ app_begin ] --END-- [ RunTime:0.001140s ]

[ 2018-07-22T22:29:25+08:00 ] 127.0.0.1 /project/shop/service/api.php?m=Api&c=Buy&a=Index&application_client=default&&application=app&application_client_type=alipay&application_user_id=2088502175420842&user_id=77&nickname=魔鬼&ajax=ajax
INFO: [ app_init ] --START--
INFO: Run Behavior\BuildLiteBehavior [ RunTime:0.000018s ]
INFO: [ app_init ] --END-- [ RunTime:0.000544s ]
INFO: [ app_begin ] --START--
INFO: Run Behavior\ReadHtmlCacheBehavior [ RunTime:0.000391s ]
INFO: Run Behavior\CheckLangBehavior [ RunTime:0.001411s ]
INFO: [ app_begin ] --END-- [ RunTime:0.001891s ]

[ 2018-07-22T22:29:27+08:00 ] 127.0.0.1 /project/shop/service/api.php?m=Api&c=Buy&a=Submit&application_client=default&&application=app&application_client_type=alipay&application_user_id=2088502175420842&user_id=77&nickname=魔鬼&ajax=ajax
INFO: [ app_init ] --START--
INFO: Run Behavior\BuildLiteBehavior [ RunTime:0.000014s ]
INFO: [ app_init ] --END-- [ RunTime:0.000295s ]
INFO: [ app_begin ] --START--
INFO: Run Behavior\ReadHtmlCacheBehavior [ RunTime:0.002113s ]
INFO: Run Behavior\CheckLangBehavior [ RunTime:0.011503s ]
INFO: [ app_begin ] --END-- [ RunTime:0.013741s ]

[ 2018-07-22T22:29:29+08:00 ] 127.0.0.1 /project/shop/service/api.php?m=Api&c=SendOrder&a=Index&application_client=default&&application=app&application_client_type=alipay&application_user_id=2088502175420842&user_id=77&nickname=魔鬼&ajax=ajax
INFO: [ app_init ] --START--
INFO: Run Behavior\BuildLiteBehavior [ RunTime:0.000007s ]
INFO: [ app_init ] --END-- [ RunTime:0.000162s ]
INFO: [ app_begin ] --START--
INFO: Run Behavior\ReadHtmlCacheBehavior [ RunTime:0.000202s ]
INFO: Run Behavior\CheckLangBehavior [ RunTime:0.000712s ]
INFO: [ app_begin ] --END-- [ RunTime:0.000952s ]
ERR: 无法加载控制器:SendOrder

[ 2018-07-22T22:29:34+08:00 ] 127.0.0.1 /project/shop/service/api.php?m=Api&c=Buy&a=Index&application_client=default&&application=app&application_client_type=alipay&application_user_id=2088502175420842&user_id=77&nickname=魔鬼&ajax=ajax
INFO: [ app_init ] --START--
INFO: Run Behavior\BuildLiteBehavior [ RunTime:0.000011s ]
INFO: [ app_init ] --END-- [ RunTime:0.000266s ]
INFO: [ app_begin ] --START--
INFO: Run Behavior\ReadHtmlCacheBehavior [ RunTime:0.001128s ]
INFO: Run Behavior\CheckLangBehavior [ RunTime:0.001464s ]
INFO: [ app_begin ] --END-- [ RunTime:0.002802s ]

[ 2018-07-22T22:29:36+08:00 ] 127.0.0.1 /project/shop/service/api.php?m=Api&c=Buy&a=Submit&application_client=default&&application=app&application_client_type=alipay&application_user_id=2088502175420842&user_id=77&nickname=魔鬼&ajax=ajax
INFO: [ app_init ] --START--
INFO: Run Behavior\BuildLiteBehavior [ RunTime:0.000006s ]
INFO: [ app_init ] --END-- [ RunTime:0.000157s ]
INFO: [ app_begin ] --START--
INFO: Run Behavior\ReadHtmlCacheBehavior [ RunTime:0.000198s ]
INFO: Run Behavior\CheckLangBehavior [ RunTime:0.000975s ]
INFO: [ app_begin ] --END-- [ RunTime:0.001231s ]

[ 2018-07-22T22:29:38+08:00 ] 127.0.0.1 /project/shop/service/api.php?m=Api&c=SendOrder&a=Index&application_client=default&&application=app&application_client_type=alipay&application_user_id=2088502175420842&user_id=77&nickname=魔鬼&ajax=ajax
INFO: [ app_init ] --START--
INFO: Run Behavior\BuildLiteBehavior [ RunTime:0.000026s ]
INFO: [ app_init ] --END-- [ RunTime:0.000306s ]
INFO: [ app_begin ] --START--
INFO: Run Behavior\ReadHtmlCacheBehavior [ RunTime:0.000239s ]
INFO: Run Behavior\CheckLangBehavior [ RunTime:0.001143s ]
INFO: [ app_begin ] --END-- [ RunTime:0.002350s ]
ERR: 无法加载控制器:SendOrder

[ 2018-07-22T22:30:50+08:00 ] 127.0.0.1 /project/shop/service/api.php?m=Api&c=Goods&a=Detail&application_client=default&&application=app&application_client_type=alipay&application_user_id=2088502175420842&user_id=77&nickname=魔鬼&ajax=ajax
INFO: [ app_init ] --START--
INFO: Run Behavior\BuildLiteBehavior [ RunTime:0.000009s ]
INFO: [ app_init ] --END-- [ RunTime:0.000180s ]
INFO: [ app_begin ] --START--
INFO: Run Behavior\ReadHtmlCacheBehavior [ RunTime:0.000219s ]
INFO: Run Behavior\CheckLangBehavior [ RunTime:0.001276s ]
INFO: [ app_begin ] --END-- [ RunTime:0.001595s ]

[ 2018-07-22T22:30:55+08:00 ] 127.0.0.1 /project/shop/service/api.php?m=Api&c=Buy&a=Index&application_client=default&&application=app&application_client_type=alipay&application_user_id=2088502175420842&user_id=77&nickname=魔鬼&ajax=ajax
INFO: [ app_init ] --START--
INFO: Run Behavior\BuildLiteBehavior [ RunTime:0.000009s ]
INFO: [ app_init ] --END-- [ RunTime:0.000179s ]
INFO: [ app_begin ] --START--
INFO: Run Behavior\ReadHtmlCacheBehavior [ RunTime:0.000280s ]
INFO: Run Behavior\CheckLangBehavior [ RunTime:0.000854s ]
INFO: [ app_begin ] --END-- [ RunTime:0.001188s ]

[ 2018-07-22T22:30:56+08:00 ] 127.0.0.1 /project/shop/service/api.php?m=Api&c=Buy&a=Submit&application_client=default&&application=app&application_client_type=alipay&application_user_id=2088502175420842&user_id=77&nickname=魔鬼&ajax=ajax
INFO: [ app_init ] --START--
INFO: Run Behavior\BuildLiteBehavior [ RunTime:0.000006s ]
INFO: [ app_init ] --END-- [ RunTime:0.000159s ]
INFO: [ app_begin ] --START--
INFO: Run Behavior\ReadHtmlCacheBehavior [ RunTime:0.000206s ]
INFO: Run Behavior\CheckLangBehavior [ RunTime:0.000715s ]
INFO: [ app_begin ] --END-- [ RunTime:0.000958s ]

[ 2018-07-22T22:30:59+08:00 ] 127.0.0.1 /project/shop/service/api.php?m=Api&c=SendOrder&a=Index&application_client=default&&application=app&application_client_type=alipay&application_user_id=2088502175420842&user_id=77&nickname=魔鬼&ajax=ajax
INFO: [ app_init ] --START--
INFO: Run Behavior\BuildLiteBehavior [ RunTime:0.000008s ]
INFO: [ app_init ] --END-- [ RunTime:0.000185s ]
INFO: [ app_begin ] --START--
INFO: Run Behavior\ReadHtmlCacheBehavior [ RunTime:0.000217s ]
INFO: Run Behavior\CheckLangBehavior [ RunTime:0.000820s ]
INFO: [ app_begin ] --END-- [ RunTime:0.001085s ]
ERR: 无法加载控制器:SendOrder

[ 2018-07-22T22:31:04+08:00 ] 127.0.0.1 /project/shop/service/api.php?m=Api&c=Buy&a=Index&application_client=default&&application=app&application_client_type=alipay&application_user_id=2088502175420842&user_id=77&nickname=魔鬼&ajax=ajax
INFO: [ app_init ] --START--
INFO: Run Behavior\BuildLiteBehavior [ RunTime:0.000016s ]
INFO: [ app_init ] --END-- [ RunTime:0.000490s ]
INFO: [ app_begin ] --START--
INFO: Run Behavior\ReadHtmlCacheBehavior [ RunTime:0.000250s ]
INFO: Run Behavior\CheckLangBehavior [ RunTime:0.000858s ]
INFO: [ app_begin ] --END-- [ RunTime:0.001166s ]

[ 2018-07-22T22:31:05+08:00 ] 127.0.0.1 /project/shop/service/api.php?m=Api&c=Buy&a=Submit&application_client=default&&application=app&application_client_type=alipay&application_user_id=2088502175420842&user_id=77&nickname=魔鬼&ajax=ajax
INFO: [ app_init ] --START--
INFO: Run Behavior\BuildLiteBehavior [ RunTime:0.000014s ]
INFO: [ app_init ] --END-- [ RunTime:0.000280s ]
INFO: [ app_begin ] --START--
INFO: Run Behavior\ReadHtmlCacheBehavior [ RunTime:0.000254s ]
INFO: Run Behavior\CheckLangBehavior [ RunTime:0.001068s ]
INFO: [ app_begin ] --END-- [ RunTime:0.001387s ]

[ 2018-07-22T22:31:08+08:00 ] 127.0.0.1 /project/shop/service/api.php?m=Api&c=SendOrder&a=Index&application_client=default&&application=app&application_client_type=alipay&application_user_id=2088502175420842&user_id=77&nickname=魔鬼&ajax=ajax
INFO: [ app_init ] --START--
INFO: Run Behavior\BuildLiteBehavior [ RunTime:0.000008s ]
INFO: [ app_init ] --END-- [ RunTime:0.000177s ]
INFO: [ app_begin ] --START--
INFO: Run Behavior\ReadHtmlCacheBehavior [ RunTime:0.000216s ]
INFO: Run Behavior\CheckLangBehavior [ RunTime:0.000919s ]
INFO: [ app_begin ] --END-- [ RunTime:0.001187s ]
ERR: 无法加载控制器:SendOrder

[ 2018-07-22T22:31:20+08:00 ] 127.0.0.1 /project/shop/service/api.php?m=Api&c=Buy&a=Index&application_client=default&&application=app&application_client_type=alipay&application_user_id=2088502175420842&user_id=77&nickname=魔鬼&ajax=ajax
INFO: [ app_init ] --START--
INFO: Run Behavior\BuildLiteBehavior [ RunTime:0.000013s ]
INFO: [ app_init ] --END-- [ RunTime:0.000337s ]
INFO: [ app_begin ] --START--
INFO: Run Behavior\ReadHtmlCacheBehavior [ RunTime:0.000233s ]
INFO: Run Behavior\CheckLangBehavior [ RunTime:0.000787s ]
INFO: [ app_begin ] --END-- [ RunTime:0.001065s ]

[ 2018-07-22T22:31:21+08:00 ] 127.0.0.1 /project/shop/service/api.php?m=Api&c=Buy&a=Submit&application_client=default&&application=app&application_client_type=alipay&application_user_id=2088502175420842&user_id=77&nickname=魔鬼&ajax=ajax
INFO: [ app_init ] --START--
INFO: Run Behavior\BuildLiteBehavior [ RunTime:0.000011s ]
INFO: [ app_init ] --END-- [ RunTime:0.000320s ]
INFO: [ app_begin ] --START--
INFO: Run Behavior\ReadHtmlCacheBehavior [ RunTime:0.000262s ]
INFO: Run Behavior\CheckLangBehavior [ RunTime:0.001481s ]
INFO: [ app_begin ] --END-- [ RunTime:0.001836s ]

[ 2018-07-22T22:31:50+08:00 ] 127.0.0.1 /project/shop/service/api.php?m=Api&c=SendOrder&a=Index&application_client=default&&application=app&application_client_type=alipay&application_user_id=2088502175420842&user_id=77&nickname=魔鬼&ajax=ajax
INFO: [ app_init ] --START--
INFO: Run Behavior\BuildLiteBehavior [ RunTime:0.000007s ]
INFO: [ app_init ] --END-- [ RunTime:0.000159s ]
INFO: [ app_begin ] --START--
INFO: Run Behavior\ReadHtmlCacheBehavior [ RunTime:0.000197s ]
INFO: Run Behavior\CheckLangBehavior [ RunTime:0.000707s ]
INFO: [ app_begin ] --END-- [ RunTime:0.000943s ]
ERR: 无法加载控制器:SendOrder

[ 2018-07-22T22:34:50+08:00 ] 127.0.0.1 /project/shop/service/api.php?m=Api&c=Goods&a=Detail&application_client=default&&application=app&application_client_type=alipay&application_user_id=2088502175420842&user_id=77&nickname=魔鬼&ajax=ajax
INFO: [ app_init ] --START--
INFO: Run Behavior\BuildLiteBehavior [ RunTime:0.000010s ]
INFO: [ app_init ] --END-- [ RunTime:0.000942s ]
INFO: [ app_begin ] --START--
INFO: Run Behavior\ReadHtmlCacheBehavior [ RunTime:0.000563s ]
INFO: Run Behavior\CheckLangBehavior [ RunTime:0.000880s ]
INFO: [ app_begin ] --END-- [ RunTime:0.001517s ]

[ 2018-07-22T22:47:50+08:00 ] 127.0.0.1 /project/shop/service/api.php?m=Api&c=Buy&a=Index&application_client=default&&application=app&application_client_type=alipay&application_user_id=2088502175420842&user_id=77&nickname=魔鬼&ajax=ajax
INFO: [ app_init ] --START--
INFO: Run Behavior\BuildLiteBehavior [ RunTime:0.000010s ]
INFO: [ app_init ] --END-- [ RunTime:0.000265s ]
INFO: [ app_begin ] --START--
INFO: Run Behavior\ReadHtmlCacheBehavior [ RunTime:0.000244s ]
INFO: Run Behavior\CheckLangBehavior [ RunTime:0.001377s ]
INFO: [ app_begin ] --END-- [ RunTime:0.001689s ]

[ 2018-07-22T22:47:51+08:00 ] 127.0.0.1 /project/shop/service/api.php?m=Api&c=Buy&a=Submit&application_client=default&&application=app&application_client_type=alipay&application_user_id=2088502175420842&user_id=77&nickname=魔鬼&ajax=ajax
INFO: [ app_init ] --START--
INFO: Run Behavior\BuildLiteBehavior [ RunTime:0.000009s ]
INFO: [ app_init ] --END-- [ RunTime:0.000190s ]
INFO: [ app_begin ] --START--
INFO: Run Behavior\ReadHtmlCacheBehavior [ RunTime:0.000273s ]
INFO: Run Behavior\CheckLangBehavior [ RunTime:0.000999s ]
INFO: [ app_begin ] --END-- [ RunTime:0.001347s ]

[ 2018-07-22T22:47:53+08:00 ] 127.0.0.1 /project/shop/service/api.php?m=Api&c=SendOrder&a=Index&application_client=default&&application=app&application_client_type=alipay&application_user_id=2088502175420842&user_id=77&nickname=魔鬼&ajax=ajax
INFO: [ app_init ] --START--
INFO: Run Behavior\BuildLiteBehavior [ RunTime:0.000024s ]
INFO: [ app_init ] --END-- [ RunTime:0.000274s ]
INFO: [ app_begin ] --START--
INFO: Run Behavior\ReadHtmlCacheBehavior [ RunTime:0.000252s ]
INFO: Run Behavior\CheckLangBehavior [ RunTime:0.001071s ]
INFO: [ app_begin ] --END-- [ RunTime:0.001402s ]
ERR: 无法加载控制器:SendOrder

[ 2018-07-22T22:47:58+08:00 ] 127.0.0.1 /project/shop/service/api.php?m=Api&c=SendOrder&a=Index&application_client=default&&application=app&application_client_type=alipay&application_user_id=2088502175420842&user_id=77&nickname=魔鬼&ajax=ajax
INFO: [ app_init ] --START--
INFO: Run Behavior\BuildLiteBehavior [ RunTime:0.000007s ]
INFO: [ app_init ] --END-- [ RunTime:0.000181s ]
INFO: [ app_begin ] --START--
INFO: Run Behavior\ReadHtmlCacheBehavior [ RunTime:0.000293s ]
INFO: Run Behavior\CheckLangBehavior [ RunTime:0.000741s ]
INFO: [ app_begin ] --END-- [ RunTime:0.001090s ]
ERR: 无法加载控制器:SendOrder

[ 2018-07-22T22:48:39+08:00 ] 127.0.0.1 /project/shop/service/api.php?m=Api&c=Goods&a=Detail&application_client=default&&application=app&application_client_type=alipay&application_user_id=2088502175420842&user_id=77&nickname=魔鬼&ajax=ajax
INFO: [ app_init ] --START--
INFO: Run Behavior\BuildLiteBehavior [ RunTime:0.000009s ]
INFO: [ app_init ] --END-- [ RunTime:0.000209s ]
INFO: [ app_begin ] --START--
INFO: Run Behavior\ReadHtmlCacheBehavior [ RunTime:0.000383s ]
INFO: Run Behavior\CheckLangBehavior [ RunTime:0.001826s ]
INFO: [ app_begin ] --END-- [ RunTime:0.002335s ]

[ 2018-07-22T22:49:21+08:00 ] 127.0.0.1 /project/shop/service/api.php?m=Api&c=Index&a=Index&application_client=default&&application=app&application_client_type=alipay&application_user_id=2088502175420842&user_id=77&nickname=T<&ajax=ajax
INFO: [ app_init ] --START--
INFO: Run Behavior\BuildLiteBehavior [ RunTime:0.000009s ]
INFO: [ app_init ] --END-- [ RunTime:0.000200s ]
INFO: [ app_begin ] --START--
INFO: Run Behavior\ReadHtmlCacheBehavior [ RunTime:0.000652s ]
INFO: Run Behavior\CheckLangBehavior [ RunTime:0.002423s ]
INFO: [ app_begin ] --END-- [ RunTime:0.003187s ]
ERR: 1146:Table 'shop.s_cart' doesn't exist
 [ SQL语句 ] : SHOW COLUMNS FROM `s_cart`
ERR: 1146:Table 'shop.s_cart' doesn't exist
 [ SQL语句 ] : SELECT COUNT(*) AS tp_count FROM `s_cart` WHERE `user_id` = '77' LIMIT 1  

[ 2018-07-22T22:49:34+08:00 ] 127.0.0.1 /project/shop/service/api.php?m=Api&c=Index&a=Index&application_client=default&&application=app&application_client_type=alipay&application_user_id=2088502175420842&user_id=77&nickname=T<&ajax=ajax
INFO: [ app_init ] --START--
INFO: Run Behavior\BuildLiteBehavior [ RunTime:0.000013s ]
INFO: [ app_init ] --END-- [ RunTime:0.000331s ]
INFO: [ app_begin ] --START--
INFO: Run Behavior\ReadHtmlCacheBehavior [ RunTime:0.000228s ]
INFO: Run Behavior\CheckLangBehavior [ RunTime:0.000727s ]
INFO: [ app_begin ] --END-- [ RunTime:0.001003s ]
ERR: 1146:Table 'shop.s_cart' doesn't exist
 [ SQL语句 ] : SHOW COLUMNS FROM `s_cart`
ERR: 1146:Table 'shop.s_cart' doesn't exist
 [ SQL语句 ] : SELECT COUNT(*) AS tp_count FROM `s_cart` WHERE `user_id` = '77' LIMIT 1  

[ 2018-07-22T22:49:38+08:00 ] 127.0.0.1 /project/shop/service/api.php?m=Api&c=User&a=Center&application_client=default&&application=app&application_client_type=alipay&application_user_id=2088502175420842&user_id=77&nickname=T<&ajax=ajax
INFO: [ app_init ] --START--
INFO: Run Behavior\BuildLiteBehavior [ RunTime:0.000016s ]
INFO: [ app_init ] --END-- [ RunTime:0.000513s ]
INFO: [ app_begin ] --START--
INFO: Run Behavior\ReadHtmlCacheBehavior [ RunTime:0.000403s ]
INFO: Run Behavior\CheckLangBehavior [ RunTime:0.001653s ]
INFO: [ app_begin ] --END-- [ RunTime:0.002151s ]

[ 2018-07-22T22:49:47+08:00 ] 127.0.0.1 /project/shop/service/api.php?m=Api&c=Index&a=Index&application_client=default&&application=app&application_client_type=alipay&application_user_id=2088502175420842&user_id=77&nickname=T<&ajax=ajax
INFO: [ app_init ] --START--
INFO: Run Behavior\BuildLiteBehavior [ RunTime:0.000064s ]
INFO: [ app_init ] --END-- [ RunTime:0.001306s ]
INFO: [ app_begin ] --START--
INFO: Run Behavior\ReadHtmlCacheBehavior [ RunTime:0.000527s ]
INFO: Run Behavior\CheckLangBehavior [ RunTime:0.002032s ]
INFO: [ app_begin ] --END-- [ RunTime:0.002794s ]
ERR: 1146:Table 'shop.s_cart' doesn't exist
 [ SQL语句 ] : SHOW COLUMNS FROM `s_cart`
ERR: 1146:Table 'shop.s_cart' doesn't exist
 [ SQL语句 ] : SELECT COUNT(*) AS tp_count FROM `s_cart` WHERE `user_id` = '77' LIMIT 1  

[ 2018-07-22T22:49:48+08:00 ] 127.0.0.1 /project/shop/service/api.php?m=Api&c=User&a=Center&application_client=default&&application=app&application_client_type=alipay&application_user_id=2088502175420842&user_id=77&nickname=T<&ajax=ajax
INFO: [ app_init ] --START--
INFO: Run Behavior\BuildLiteBehavior [ RunTime:0.000007s ]
INFO: [ app_init ] --END-- [ RunTime:0.000157s ]
INFO: [ app_begin ] --START--
INFO: Run Behavior\ReadHtmlCacheBehavior [ RunTime:0.000200s ]
INFO: Run Behavior\CheckLangBehavior [ RunTime:0.000760s ]
INFO: [ app_begin ] --END-- [ RunTime:0.000999s ]

[ 2018-07-22T22:50:24+08:00 ] 127.0.0.1 /project/shop/service/api.php?m=Api&c=Index&a=Index&application_client=default&&application=app&application_client_type=alipay&application_user_id=2088502175420842&user_id=77&nickname=T<&ajax=ajax
INFO: [ app_init ] --START--
INFO: Run Behavior\BuildLiteBehavior [ RunTime:0.000009s ]
INFO: [ app_init ] --END-- [ RunTime:0.000187s ]
INFO: [ app_begin ] --START--
INFO: Run Behavior\ReadHtmlCacheBehavior [ RunTime:0.000538s ]
INFO: Run Behavior\CheckLangBehavior [ RunTime:0.001657s ]
INFO: [ app_begin ] --END-- [ RunTime:0.002330s ]
ERR: 1146:Table 'shop.s_cart' doesn't exist
 [ SQL语句 ] : SHOW COLUMNS FROM `s_cart`
ERR: 1146:Table 'shop.s_cart' doesn't exist
 [ SQL语句 ] : SELECT COUNT(*) AS tp_count FROM `s_cart` WHERE `user_id` = '77' LIMIT 1  

[ 2018-07-22T22:50:26+08:00 ] 127.0.0.1 /project/shop/service/api.php?m=Api&c=User&a=Center&application_client=default&&application=app&application_client_type=alipay&application_user_id=2088502175420842&user_id=77&nickname=T<&ajax=ajax
INFO: [ app_init ] --START--
INFO: Run Behavior\BuildLiteBehavior [ RunTime:0.000030s ]
INFO: [ app_init ] --END-- [ RunTime:0.000275s ]
INFO: [ app_begin ] --START--
INFO: Run Behavior\ReadHtmlCacheBehavior [ RunTime:0.000603s ]
INFO: Run Behavior\CheckLangBehavior [ RunTime:0.002874s ]
INFO: [ app_begin ] --END-- [ RunTime:0.003577s ]

[ 2018-07-22T22:50:29+08:00 ] 127.0.0.1 /project/shop/service/api.php?m=Api&c=Order&a=Index&application_client=default&&application=app&application_client_type=alipay&application_user_id=2088502175420842&user_id=77&nickname=魔鬼&ajax=ajax
INFO: [ app_init ] --START--
INFO: Run Behavior\BuildLiteBehavior [ RunTime:0.000011s ]
INFO: [ app_init ] --END-- [ RunTime:0.000301s ]
INFO: [ app_begin ] --START--
INFO: Run Behavior\ReadHtmlCacheBehavior [ RunTime:0.000237s ]
INFO: Run Behavior\CheckLangBehavior [ RunTime:0.000786s ]
INFO: [ app_begin ] --END-- [ RunTime:0.001074s ]
NOTIC: [2048] Declaration of Api\Controller\OrderController::Success() should be compatible with Think\Controller::success($message = '', $jumpUrl = '', $ajax = false) /data/www/project/shop/service/Application/Api/Controller/OrderController.class.php 第 13 行.
NOTIC: [8] Undefined index: express_id /data/www/project/shop/service/Application/Api/Controller/OrderController.class.php 第 135 行.
NOTIC: [8] Undefined index: express_id /data/www/project/shop/service/Application/Api/Controller/OrderController.class.php 第 135 行.
NOTIC: [8] Undefined index: express_id /data/www/project/shop/service/Application/Api/Controller/OrderController.class.php 第 135 行.
NOTIC: [8] Undefined index: express_id /data/www/project/shop/service/Application/Api/Controller/OrderController.class.php 第 135 行.
NOTIC: [8] Undefined index: express_id /data/www/project/shop/service/Application/Api/Controller/OrderController.class.php 第 135 行.
NOTIC: [8] Undefined index: express_id /data/www/project/shop/service/Application/Api/Controller/OrderController.class.php 第 135 行.
NOTIC: [8] Undefined index: express_id /data/www/project/shop/service/Application/Api/Controller/OrderController.class.php 第 135 行.
NOTIC: [8] Undefined index: express_id /data/www/project/shop/service/Application/Api/Controller/OrderController.class.php 第 135 行.
NOTIC: [8] Undefined index: express_id /data/www/project/shop/service/Application/Api/Controller/OrderController.class.php 第 135 行.

[ 2018-07-22T22:51:16+08:00 ] 127.0.0.1 /project/shop/service/api.php?m=Api&c=User&a=Center&application_client=default&&application=app&application_client_type=alipay&application_user_id=2088502175420842&user_id=77&nickname=T<&ajax=ajax
INFO: [ app_init ] --START--
INFO: Run Behavior\BuildLiteBehavior [ RunTime:0.000013s ]
INFO: [ app_init ] --END-- [ RunTime:0.000314s ]
INFO: [ app_begin ] --START--
INFO: Run Behavior\ReadHtmlCacheBehavior [ RunTime:0.000289s ]
INFO: Run Behavior\CheckLangBehavior [ RunTime:0.004421s ]
INFO: [ app_begin ] --END-- [ RunTime:0.004793s ]

[ 2018-07-22T22:51:18+08:00 ] 127.0.0.1 /project/shop/service/api.php?m=Api&c=Index&a=Index&application_client=default&&application=app&application_client_type=alipay&application_user_id=2088502175420842&user_id=77&nickname=T<&ajax=ajax
INFO: [ app_init ] --START--
INFO: Run Behavior\BuildLiteBehavior [ RunTime:0.000008s ]
INFO: [ app_init ] --END-- [ RunTime:0.000198s ]
INFO: [ app_begin ] --START--
INFO: Run Behavior\ReadHtmlCacheBehavior [ RunTime:0.000371s ]
INFO: Run Behavior\CheckLangBehavior [ RunTime:0.004860s ]
INFO: [ app_begin ] --END-- [ RunTime:0.005444s ]
ERR: 1146:Table 'shop.s_cart' doesn't exist
 [ SQL语句 ] : SHOW COLUMNS FROM `s_cart`
ERR: 1146:Table 'shop.s_cart' doesn't exist
 [ SQL语句 ] : SELECT COUNT(*) AS tp_count FROM `s_cart` WHERE `user_id` = '77' LIMIT 1  

[ 2018-07-22T22:51:19+08:00 ] 127.0.0.1 /project/shop/service/api.php?m=Api&c=User&a=Center&application_client=default&&application=app&application_client_type=alipay&application_user_id=2088502175420842&user_id=77&nickname=T<&ajax=ajax
INFO: [ app_init ] --START--
INFO: Run Behavior\BuildLiteBehavior [ RunTime:0.000016s ]
INFO: [ app_init ] --END-- [ RunTime:0.000517s ]
INFO: [ app_begin ] --START--
INFO: Run Behavior\ReadHtmlCacheBehavior [ RunTime:0.000430s ]
INFO: Run Behavior\CheckLangBehavior [ RunTime:0.000779s ]
INFO: [ app_begin ] --END-- [ RunTime:0.001282s ]

[ 2018-07-22T22:51:20+08:00 ] 127.0.0.1 /project/shop/service/api.php?m=Api&c=Index&a=Index&application_client=default&&application=app&application_client_type=alipay&application_user_id=2088502175420842&user_id=77&nickname=T<&ajax=ajax
INFO: [ app_init ] --START--
INFO: Run Behavior\BuildLiteBehavior [ RunTime:0.000009s ]
INFO: [ app_init ] --END-- [ RunTime:0.000215s ]
INFO: [ app_begin ] --START--
INFO: Run Behavior\ReadHtmlCacheBehavior [ RunTime:0.000252s ]
INFO: Run Behavior\CheckLangBehavior [ RunTime:0.001032s ]
INFO: [ app_begin ] --END-- [ RunTime:0.001343s ]
ERR: 1146:Table 'shop.s_cart' doesn't exist
 [ SQL语句 ] : SHOW COLUMNS FROM `s_cart`
ERR: 1146:Table 'shop.s_cart' doesn't exist
 [ SQL语句 ] : SELECT COUNT(*) AS tp_count FROM `s_cart` WHERE `user_id` = '77' LIMIT 1  

[ 2018-07-22T22:51:20+08:00 ] 127.0.0.1 /project/shop/service/api.php?m=Api&c=User&a=Center&application_client=default&&application=app&application_client_type=alipay&application_user_id=2088502175420842&user_id=77&nickname=T<&ajax=ajax
INFO: [ app_init ] --START--
INFO: Run Behavior\BuildLiteBehavior [ RunTime:0.000011s ]
INFO: [ app_init ] --END-- [ RunTime:0.000240s ]
INFO: [ app_begin ] --START--
INFO: Run Behavior\ReadHtmlCacheBehavior [ RunTime:0.000257s ]
INFO: Run Behavior\CheckLangBehavior [ RunTime:0.000926s ]
INFO: [ app_begin ] --END-- [ RunTime:0.001249s ]

[ 2018-07-22T22:51:21+08:00 ] 127.0.0.1 /project/shop/service/api.php?m=Api&c=Index&a=Index&application_client=default&&application=app&application_client_type=alipay&application_user_id=2088502175420842&user_id=77&nickname=T<&ajax=ajax
INFO: [ app_init ] --START--
INFO: Run Behavior\BuildLiteBehavior [ RunTime:0.000017s ]
INFO: [ app_init ] --END-- [ RunTime:0.001192s ]
INFO: [ app_begin ] --START--
INFO: Run Behavior\ReadHtmlCacheBehavior [ RunTime:0.000275s ]
INFO: Run Behavior\CheckLangBehavior [ RunTime:0.001397s ]
INFO: [ app_begin ] --END-- [ RunTime:0.001752s ]
ERR: 1146:Table 'shop.s_cart' doesn't exist
 [ SQL语句 ] : SHOW COLUMNS FROM `s_cart`
ERR: 1146:Table 'shop.s_cart' doesn't exist
 [ SQL语句 ] : SELECT COUNT(*) AS tp_count FROM `s_cart` WHERE `user_id` = '77' LIMIT 1  

[ 2018-07-22T22:51:22+08:00 ] 127.0.0.1 /project/shop/service/api.php?m=Api&c=User&a=Center&application_client=default&&application=app&application_client_type=alipay&application_user_id=2088502175420842&user_id=77&nickname=T<&ajax=ajax
INFO: [ app_init ] --START--
INFO: Run Behavior\BuildLiteBehavior [ RunTime:0.000033s ]
INFO: [ app_init ] --END-- [ RunTime:0.000888s ]
INFO: [ app_begin ] --START--
INFO: Run Behavior\ReadHtmlCacheBehavior [ RunTime:0.000622s ]
INFO: Run Behavior\CheckLangBehavior [ RunTime:0.000814s ]
INFO: [ app_begin ] --END-- [ RunTime:0.001515s ]

[ 2018-07-22T22:51:24+08:00 ] 127.0.0.1 /project/shop/service/api.php?m=Api&c=Index&a=Index&application_client=default&&application=app&application_client_type=alipay&application_user_id=2088502175420842&user_id=77&nickname=T<&ajax=ajax
INFO: [ app_init ] --START--
INFO: Run Behavior\BuildLiteBehavior [ RunTime:0.000012s ]
INFO: [ app_init ] --END-- [ RunTime:0.000298s ]
INFO: [ app_begin ] --START--
INFO: Run Behavior\ReadHtmlCacheBehavior [ RunTime:0.000907s ]
INFO: Run Behavior\CheckLangBehavior [ RunTime:0.002836s ]
INFO: [ app_begin ] --END-- [ RunTime:0.004298s ]
ERR: 1146:Table 'shop.s_cart' doesn't exist
 [ SQL语句 ] : SHOW COLUMNS FROM `s_cart`
ERR: 1146:Table 'shop.s_cart' doesn't exist
 [ SQL语句 ] : SELECT COUNT(*) AS tp_count FROM `s_cart` WHERE `user_id` = '77' LIMIT 1  

