[ 2018-06-18T00:02:27+08:00 ] 127.0.0.1 /project/customer_sousou_service/index.php?m=Home&c=TakeOrder&a=Index&app_client_type=alipay&app_client_user_id=2088502175420842&user_id=70&nickname=%E9%AD%94%E9%AC%BC&ajax=ajax&application=app&app_client=shanghu
INFO: [ app_init ] --START--
INFO: Run Behavior\BuildLiteBehavior [ RunTime:0.000011s ]
INFO: [ app_init ] --END-- [ RunTime:0.000459s ]
INFO: [ app_begin ] --START--
INFO: Run Behavior\ReadHtmlCacheBehavior [ RunTime:0.000511s ]
INFO: Run Behavior\CheckLangBehavior [ RunTime:0.001713s ]
INFO: [ app_begin ] --END-- [ RunTime:0.002299s ]

[ 2018-06-18T00:05:21+08:00 ] 127.0.0.1 /project/customer_sousou_service/index.php?m=Home&c=TakeOrder&a=Index&app_client_type=alipay&app_client_user_id=2018051560086669&user_id=75&nickname=%E9%AD%94%E9%AC%BC&ajax=ajax&application=app&app_client=shanghu
INFO: [ app_init ] --START--
INFO: Run Behavior\BuildLiteBehavior [ RunTime:0.000012s ]
INFO: [ app_init ] --END-- [ RunTime:0.000321s ]
INFO: [ app_begin ] --START--
INFO: Run Behavior\ReadHtmlCacheBehavior [ RunTime:0.000279s ]
INFO: Run Behavior\CheckLangBehavior [ RunTime:0.000900s ]
INFO: [ app_begin ] --END-- [ RunTime:0.001238s ]

[ 2018-06-18T00:06:08+08:00 ] 127.0.0.1 /project/customer_sousou_service/index.php?m=Home&c=TakeOrder&a=Index&app_client_type=alipay&app_client_user_id=2018051560086669&user_id=75&nickname=%E9%AD%94%E9%AC%BC&ajax=ajax&application=app&app_client=shanghu
INFO: [ app_init ] --START--
INFO: Run Behavior\BuildLiteBehavior [ RunTime:0.000014s ]
INFO: [ app_init ] --END-- [ RunTime:0.000674s ]
INFO: [ app_begin ] --START--
INFO: Run Behavior\ReadHtmlCacheBehavior [ RunTime:0.000507s ]
INFO: Run Behavior\CheckLangBehavior [ RunTime:0.001823s ]
INFO: [ app_begin ] --END-- [ RunTime:0.002401s ]

[ 2018-06-18T00:27:46+08:00 ] 127.0.0.1 /project/customer_sousou_service/index.php?m=Home&c=TakeOrder&a=Delivery&app_client_type=alipay&app_client_user_id=2018051560086669&user_id=75&nickname=%E9%AD%94%E9%AC%BC&ajax=ajax&application=app&app_client=shanghu
INFO: [ app_init ] --START--
INFO: Run Behavior\BuildLiteBehavior [ RunTime:0.000010s ]
INFO: [ app_init ] --END-- [ RunTime:0.000431s ]
INFO: [ app_begin ] --START--
INFO: Run Behavior\ReadHtmlCacheBehavior [ RunTime:0.000509s ]
INFO: Run Behavior\CheckLangBehavior [ RunTime:0.001368s ]
INFO: [ app_begin ] --END-- [ RunTime:0.001943s ]

[ 2018-06-18T00:27:52+08:00 ] 127.0.0.1 /project/customer_sousou_service/index.php?m=Home&c=TakeOrder&a=Delivery&app_client_type=alipay&app_client_user_id=2018051560086669&user_id=75&nickname=%E9%AD%94%E9%AC%BC&ajax=ajax&application=app&app_client=shanghu
INFO: [ app_init ] --START--
INFO: Run Behavior\BuildLiteBehavior [ RunTime:0.000008s ]
INFO: [ app_init ] --END-- [ RunTime:0.000204s ]
INFO: [ app_begin ] --START--
INFO: Run Behavior\ReadHtmlCacheBehavior [ RunTime:0.000232s ]
INFO: Run Behavior\CheckLangBehavior [ RunTime:0.000841s ]
INFO: [ app_begin ] --END-- [ RunTime:0.001112s ]

[ 2018-06-18T00:27:56+08:00 ] 127.0.0.1 /project/customer_sousou_service/index.php?m=Home&c=TakeOrder&a=Delivery&app_client_type=alipay&app_client_user_id=2018051560086669&user_id=75&nickname=%E9%AD%94%E9%AC%BC&ajax=ajax&application=app&app_client=shanghu
INFO: [ app_init ] --START--
INFO: Run Behavior\BuildLiteBehavior [ RunTime:0.000008s ]
INFO: [ app_init ] --END-- [ RunTime:0.000182s ]
INFO: [ app_begin ] --START--
INFO: Run Behavior\ReadHtmlCacheBehavior [ RunTime:0.000299s ]
INFO: Run Behavior\CheckLangBehavior [ RunTime:0.000888s ]
INFO: [ app_begin ] --END-- [ RunTime:0.001241s ]

[ 2018-06-18T00:27:56+08:00 ] 127.0.0.1 /project/customer_sousou_service/index.php?m=Home&c=TakeOrder&a=Delivery&app_client_type=alipay&app_client_user_id=2018051560086669&user_id=75&nickname=%E9%AD%94%E9%AC%BC&ajax=ajax&application=app&app_client=shanghu
INFO: [ app_init ] --START--
INFO: Run Behavior\BuildLiteBehavior [ RunTime:0.000006s ]
INFO: [ app_init ] --END-- [ RunTime:0.000154s ]
INFO: [ app_begin ] --START--
INFO: Run Behavior\ReadHtmlCacheBehavior [ RunTime:0.000196s ]
INFO: Run Behavior\CheckLangBehavior [ RunTime:0.000683s ]
INFO: [ app_begin ] --END-- [ RunTime:0.000916s ]

[ 2018-06-18T00:27:57+08:00 ] 127.0.0.1 /project/customer_sousou_service/index.php?m=Home&c=TakeOrder&a=Delivery&app_client_type=alipay&app_client_user_id=2018051560086669&user_id=75&nickname=%E9%AD%94%E9%AC%BC&ajax=ajax&application=app&app_client=shanghu
INFO: [ app_init ] --START--
INFO: Run Behavior\BuildLiteBehavior [ RunTime:0.000008s ]
INFO: [ app_init ] --END-- [ RunTime:0.000168s ]
INFO: [ app_begin ] --START--
INFO: Run Behavior\ReadHtmlCacheBehavior [ RunTime:0.000228s ]
INFO: Run Behavior\CheckLangBehavior [ RunTime:0.000829s ]
INFO: [ app_begin ] --END-- [ RunTime:0.001105s ]

[ 2018-06-18T00:29:53+08:00 ] 127.0.0.1 /project/customer_sousou_service/index.php?m=Home&c=TakeOrder&a=Delivery&app_client_type=alipay&app_client_user_id=2018051560086669&user_id=75&nickname=%E9%AD%94%E9%AC%BC&ajax=ajax&application=app&app_client=shanghu
INFO: [ app_init ] --START--
INFO: Run Behavior\BuildLiteBehavior [ RunTime:0.000009s ]
INFO: [ app_init ] --END-- [ RunTime:0.000259s ]
INFO: [ app_begin ] --START--
INFO: Run Behavior\ReadHtmlCacheBehavior [ RunTime:0.000305s ]
INFO: Run Behavior\CheckLangBehavior [ RunTime:0.000910s ]
INFO: [ app_begin ] --END-- [ RunTime:0.001269s ]

[ 2018-06-18T00:30:37+08:00 ] 127.0.0.1 /project/customer_sousou_service/index.php?m=Home&c=TakeOrder&a=Delivery&app_client_type=alipay&app_client_user_id=2018051560086669&user_id=75&nickname=%E9%AD%94%E9%AC%BC&ajax=ajax&application=app&app_client=shanghu
INFO: [ app_init ] --START--
INFO: Run Behavior\BuildLiteBehavior [ RunTime:0.000007s ]
INFO: [ app_init ] --END-- [ RunTime:0.000196s ]
INFO: [ app_begin ] --START--
INFO: Run Behavior\ReadHtmlCacheBehavior [ RunTime:0.000226s ]
INFO: Run Behavior\CheckLangBehavior [ RunTime:0.000852s ]
INFO: [ app_begin ] --END-- [ RunTime:0.001118s ]

[ 2018-06-18T00:30:55+08:00 ] 127.0.0.1 /project/customer_sousou_service/index.php?m=Home&c=TakeOrder&a=Delivery&app_client_type=alipay&app_client_user_id=2018051560086669&user_id=75&nickname=%E9%AD%94%E9%AC%BC&ajax=ajax&application=app&app_client=shanghu
INFO: [ app_init ] --START--
INFO: Run Behavior\BuildLiteBehavior [ RunTime:0.000007s ]
INFO: [ app_init ] --END-- [ RunTime:0.000157s ]
INFO: [ app_begin ] --START--
INFO: Run Behavior\ReadHtmlCacheBehavior [ RunTime:0.000508s ]
INFO: Run Behavior\CheckLangBehavior [ RunTime:0.001026s ]
INFO: [ app_begin ] --END-- [ RunTime:0.001643s ]

[ 2018-06-18T00:31:15+08:00 ] 127.0.0.1 /project/customer_sousou_service/index.php?m=Home&c=TakeOrder&a=Delivery&app_client_type=alipay&app_client_user_id=2018051560086669&user_id=75&nickname=%E9%AD%94%E9%AC%BC&ajax=ajax&application=app&app_client=shanghu
INFO: [ app_init ] --START--
INFO: Run Behavior\BuildLiteBehavior [ RunTime:0.000007s ]
INFO: [ app_init ] --END-- [ RunTime:0.000214s ]
INFO: [ app_begin ] --START--
INFO: Run Behavior\ReadHtmlCacheBehavior [ RunTime:0.000229s ]
INFO: Run Behavior\CheckLangBehavior [ RunTime:0.000739s ]
INFO: [ app_begin ] --END-- [ RunTime:0.001012s ]

[ 2018-06-18T00:32:14+08:00 ] 127.0.0.1 /project/customer_sousou_service/index.php?m=Home&c=TakeOrder&a=Delivery&app_client_type=alipay&app_client_user_id=2018051560086669&user_id=75&nickname=%E9%AD%94%E9%AC%BC&ajax=ajax&application=app&app_client=shanghu
INFO: [ app_init ] --START--
INFO: Run Behavior\BuildLiteBehavior [ RunTime:0.000007s ]
INFO: [ app_init ] --END-- [ RunTime:0.000172s ]
INFO: [ app_begin ] --START--
INFO: Run Behavior\ReadHtmlCacheBehavior [ RunTime:0.000207s ]
INFO: Run Behavior\CheckLangBehavior [ RunTime:0.000776s ]
INFO: [ app_begin ] --END-- [ RunTime:0.001021s ]

[ 2018-06-18T00:32:44+08:00 ] 127.0.0.1 /project/customer_sousou_service/index.php?m=Home&c=TakeOrder&a=Delivery&app_client_type=alipay&app_client_user_id=2018051560086669&user_id=75&nickname=%E9%AD%94%E9%AC%BC&ajax=ajax&application=app&app_client=shanghu
INFO: [ app_init ] --START--
INFO: Run Behavior\BuildLiteBehavior [ RunTime:0.000006s ]
INFO: [ app_init ] --END-- [ RunTime:0.000159s ]
INFO: [ app_begin ] --START--
INFO: Run Behavior\ReadHtmlCacheBehavior [ RunTime:0.000202s ]
INFO: Run Behavior\CheckLangBehavior [ RunTime:0.000708s ]
INFO: [ app_begin ] --END-- [ RunTime:0.000946s ]

[ 2018-06-18T00:33:29+08:00 ] 127.0.0.1 /project/customer_sousou_service/index.php?m=Home&c=TakeOrder&a=Delivery&app_client_type=alipay&app_client_user_id=2018051560086669&user_id=75&nickname=%E9%AD%94%E9%AC%BC&ajax=ajax&application=app&app_client=shanghu
INFO: [ app_init ] --START--
INFO: Run Behavior\BuildLiteBehavior [ RunTime:0.000008s ]
INFO: [ app_init ] --END-- [ RunTime:0.000192s ]
INFO: [ app_begin ] --START--
INFO: Run Behavior\ReadHtmlCacheBehavior [ RunTime:0.000227s ]
INFO: Run Behavior\CheckLangBehavior [ RunTime:0.001204s ]
INFO: [ app_begin ] --END-- [ RunTime:0.001481s ]

[ 2018-06-18T00:33:41+08:00 ] 127.0.0.1 /project/customer_sousou_service/index.php?m=Home&c=TakeOrder&a=Delivery&app_client_type=alipay&app_client_user_id=2018051560086669&user_id=75&nickname=%E9%AD%94%E9%AC%BC&ajax=ajax&application=app&app_client=shanghu
INFO: [ app_init ] --START--
INFO: Run Behavior\BuildLiteBehavior [ RunTime:0.000006s ]
INFO: [ app_init ] --END-- [ RunTime:0.000156s ]
INFO: [ app_begin ] --START--
INFO: Run Behavior\ReadHtmlCacheBehavior [ RunTime:0.000196s ]
INFO: Run Behavior\CheckLangBehavior [ RunTime:0.000803s ]
INFO: [ app_begin ] --END-- [ RunTime:0.001038s ]

[ 2018-06-18T18:50:47+08:00 ] 127.0.0.1 /project/customer_sousou_service/index.php?m=Home&c=TakeOrder&a=Delivery&app_client_type=alipay&app_client_user_id=2018051560086669&user_id=75&nickname=%E9%AD%94%E9%AC%BC&ajax=ajax&application=app&app_client=shanghu
INFO: [ app_init ] --START--
INFO: Run Behavior\BuildLiteBehavior [ RunTime:0.000011s ]
INFO: [ app_init ] --END-- [ RunTime:0.001480s ]
INFO: [ app_begin ] --START--
INFO: Run Behavior\ReadHtmlCacheBehavior [ RunTime:0.000485s ]
INFO: Run Behavior\CheckLangBehavior [ RunTime:0.004542s ]
INFO: [ app_begin ] --END-- [ RunTime:0.005113s ]
NOTIC: [2048] Declaration of Home\Controller\TakeOrderController::Success() should be compatible with Think\Controller::success($message = '', $jumpUrl = '', $ajax = false) /data/www/project/customer_sousou_service/Application/Home/Controller/TakeOrderController.class.php 第 13 行.

[ 2018-06-18T18:52:36+08:00 ] 127.0.0.1 /project/customer_sousou_service/index.php?m=Home&c=Success&a=Delivery&app_client_type=alipay&app_client_user_id=2018051560086669&user_id=75&nickname=%E9%AD%94%E9%AC%BC&ajax=ajax&application=app&app_client=shanghu
INFO: [ app_init ] --START--
INFO: Run Behavior\BuildLiteBehavior [ RunTime:0.000007s ]
INFO: [ app_init ] --END-- [ RunTime:0.000260s ]
INFO: [ app_begin ] --START--
INFO: Run Behavior\ReadHtmlCacheBehavior [ RunTime:0.000232s ]
INFO: Run Behavior\CheckLangBehavior [ RunTime:0.001541s ]
INFO: [ app_begin ] --END-- [ RunTime:0.001849s ]
ERR: 无法加载控制器:Success

[ 2018-06-18T18:54:08+08:00 ] 127.0.0.1 /project/customer_sousou_service/index.php?m=Home&c=TakeOrder&a=Success&app_client_type=alipay&app_client_user_id=2018051560086669&user_id=75&nickname=%E9%AD%94%E9%AC%BC&ajax=ajax&application=app&app_client=shanghu
INFO: [ app_init ] --START--
INFO: Run Behavior\BuildLiteBehavior [ RunTime:0.000007s ]
INFO: [ app_init ] --END-- [ RunTime:0.000257s ]
INFO: [ app_begin ] --START--
INFO: Run Behavior\ReadHtmlCacheBehavior [ RunTime:0.000243s ]
INFO: Run Behavior\CheckLangBehavior [ RunTime:0.001134s ]
INFO: [ app_begin ] --END-- [ RunTime:0.001428s ]
NOTIC: [2048] Declaration of Home\Controller\TakeOrderController::Success() should be compatible with Think\Controller::success($message = '', $jumpUrl = '', $ajax = false) /data/www/project/customer_sousou_service/Application/Home/Controller/TakeOrderController.class.php 第 13 行.

[ 2018-06-18T18:54:11+08:00 ] 127.0.0.1 /project/customer_sousou_service/index.php?m=Home&c=TakeOrder&a=Success&app_client_type=alipay&app_client_user_id=2018051560086669&user_id=75&nickname=%E9%AD%94%E9%AC%BC&ajax=ajax&application=app&app_client=shanghu
INFO: [ app_init ] --START--
INFO: Run Behavior\BuildLiteBehavior [ RunTime:0.000007s ]
INFO: [ app_init ] --END-- [ RunTime:0.000164s ]
INFO: [ app_begin ] --START--
INFO: Run Behavior\ReadHtmlCacheBehavior [ RunTime:0.000218s ]
INFO: Run Behavior\CheckLangBehavior [ RunTime:0.000977s ]
INFO: [ app_begin ] --END-- [ RunTime:0.001244s ]
NOTIC: [2048] Declaration of Home\Controller\TakeOrderController::Success() should be compatible with Think\Controller::success($message = '', $jumpUrl = '', $ajax = false) /data/www/project/customer_sousou_service/Application/Home/Controller/TakeOrderController.class.php 第 13 行.

